Building DAG of jobs...
Provided cores: 1
Rules claiming more threads will be scaled down.
Job counts:
	count	jobs
	1	merge
	1	plot
	2

[Sat Mar  9 16:13:06 2019]
rule merge:
    input: src/data-management/merge.R, src/data/Players.csv, src/data/Seasons_Stats.csv
    output: out/data/data_merged.csv
    log: logs/merge.Rout
    jobid: 1

[Sat Mar  9 16:13:09 2019]
Finished job 1.
1 of 2 steps (50%) done

[Sat Mar  9 16:13:09 2019]
rule plot:
    input: src/graphs/graph.R, out/data/data_merged.csv
    output: out\graphs\graph.png
    log: logs/plot.Rout
    jobid: 0

[Sat Mar  9 16:13:12 2019]
Error in rule plot:
    jobid: 0
    output: out\graphs\graph.png
    log: logs/plot.Rout

RuleException:
CalledProcessError in line 42 of C:\Users\ksrini\OneDrive\Zurich\Courses\others\Programming_winter\PP4RS_assignment_KG\Snakefile:
Command 'Rscript src/graphs/graph.R        --data out/data/data_merged.csv        --out out\graphs\graph.png > logs/plot.Rout 2>&1' returned non-zero exit status 1.
  File "C:\Users\ksrini\OneDrive\Zurich\Courses\others\Programming_winter\PP4RS_assignment_KG\Snakefile", line 42, in __rule_plot
  File "c:\users\ksrini\appdata\local\continuum\miniconda3\lib\concurrent\futures\thread.py", line 57, in run
Shutting down, this might take some time.
Exiting because a job execution failed. Look above for error message
Complete log: C:\Users\ksrini\OneDrive\Zurich\Courses\others\Programming_winter\PP4RS_assignment_KG\.snakemake\log\2019-03-09T161306.353949.snakemake.log
